<?xml version="1.0" encoding="UTF-8"?>
<!-- Generated by org.testng.reporters.JUnitXMLReporter -->
<testsuite hostname="Samuels-MacBook-Pro.local" failures="1" tests="6" name="ExecutingListeners" time="5.996" errors="0" timestamp="29 Jan 2021 02:29:04 GMT">
  <testcase classname="com.hrms.tests.Testing_listenersSample" name="AccountTest" time="0.009"/>
  <testcase classname="com.hrms.tests.Testing_listenersSample" name="AccountTest" time="0.003"/>
  <testcase classname="com.hrms.tests.Testing_listenersSample" name="AccountTest" time="0.002"/>
  <testcase classname="com.hrms.tests.Testing_listenersSample" name="CloseBrowser" time="5.946"/>
  <testcase classname="com.hrms.tests.Testing_listenersSample" name="OpenBrowser" time="0.003">
    <failure type="java.lang.NullPointerException" message="Cannot invoke &amp;quot;org.openqa.selenium.WebDriver.get(String)&amp;quot; because &amp;quot;this.driver&amp;quot; is null">
      <![CDATA[java.lang.NullPointerException: Cannot invoke "org.openqa.selenium.WebDriver.get(String)" because "this.driver" is null
	at com.hrms.tests.Testing_listenersSample.OpenBrowser(Testing_listenersSample.java:32)
... Removed 24 stack frames]]>
    </failure>
  </testcase> <!-- OpenBrowser -->
  <testcase classname="com.hrms.tests.Testing_listenersSample" name="SkipTest" time="0.003">
    <skipped/>
  </testcase> <!-- SkipTest -->
</testsuite> <!-- ExecutingListeners -->
