<?xml version="1.0" encoding="UTF-8"?>
<testsuite xmlns:xsi="http://www.w3.org/2001/XMLSchema-instance" xsi:noNamespaceSchemaLocation="https://maven.apache.org/surefire/maven-surefire-plugin/xsd/surefire-test-report-3.0.xsd" version="3.0" name="TestSuite" time="23.885" tests="19" errors="0" skipped="7" failures="4">
  <properties>
[...]
</properties>
  <testcase name="test" classname="com.hrms.tests.NationalityTestCase" time="13.052">
    <failure message="no such element: Unable to locate element: {&quot;method&quot;:&quot;css selector&quot;,&quot;selector&quot;:&quot;#btnAdd&quot;}&#10;  (Session info: chrome=88.0.4324.192)&#10;For documentation on this error, please visit: https://www.seleniumhq.org/exceptions/no_such_element.html&#10;Build info: version: &apos;3.141.59&apos;, revision: &apos;e82be7d358&apos;, time: &apos;2018-11-14T08:17:03&apos;&#10;System info: host: &apos;Samuels-MBP.fios-router.home&apos;, ip: &apos;fe80:0:0:0:8ad:abbe:5187:1a54%en0&apos;, os.name: &apos;Mac OS X&apos;, os.arch: &apos;x86_64&apos;, os.version: &apos;11.2.1&apos;, java.version: &apos;15.0.1&apos;&#10;Driver info: org.openqa.selenium.chrome.ChromeDriver&#10;Capabilities {acceptInsecureCerts: false, browserName: chrome, browserVersion: 88.0.4324.192, chrome: {chromedriverVersion: 88.0.4324.96 (68dba2d8a0b14..., userDataDir: /var/folders/w5/1jh0cndd1qn...}, goog:chromeOptions: {debuggerAddress: localhost:51732}, javascriptEnabled: true, networkConnectionEnabled: false, pageLoadStrategy: normal, platform: MAC, platformName: MAC, proxy: Proxy(), setWindowRect: true, strictFileInteractability: false, timeouts: {implicit: 0, pageLoad: 300000, script: 30000}, unhandledPromptBehavior: dismiss and notify, webauthn:extension:largeBlob: true, webauthn:virtualAuthenticators: true}&#10;Session ID: 54c43d02acc484ecd9c105b58710c573&#10;*** Element info: {Using=id, value=btnAdd}" type="org.openqa.selenium.NoSuchElementException"><![CDATA[org.openqa.selenium.NoSuchElementException: 
no such element: Unable to locate element: {"method":"css selector","selector":"#btnAdd"}
  (Session info: chrome=88.0.4324.192)
For documentation on this error, please visit: https://www.seleniumhq.org/exceptions/no_such_element.html
Build info: version: '3.141.59', revision: 'e82be7d358', time: '2018-11-14T08:17:03'
System info: host: 'Samuels-MBP.fios-router.home', ip: 'fe80:0:0:0:8ad:abbe:5187:1a54%en0', os.name: 'Mac OS X', os.arch: 'x86_64', os.version: '11.2.1', java.version: '15.0.1'
Driver info: org.openqa.selenium.chrome.ChromeDriver
Capabilities {acceptInsecureCerts: false, browserName: chrome, browserVersion: 88.0.4324.192, chrome: {chromedriverVersion: 88.0.4324.96 (68dba2d8a0b14..., userDataDir: /var/folders/w5/1jh0cndd1qn...}, goog:chromeOptions: {debuggerAddress: localhost:51732}, javascriptEnabled: true, networkConnectionEnabled: false, pageLoadStrategy: normal, platform: MAC, platformName: MAC, proxy: Proxy(), setWindowRect: true, strictFileInteractability: false, timeouts: {implicit: 0, pageLoad: 300000, script: 30000}, unhandledPromptBehavior: dismiss and notify, webauthn:extension:largeBlob: true, webauthn:virtualAuthenticators: true}
Session ID: 54c43d02acc484ecd9c105b58710c573
*** Element info: {Using=id, value=btnAdd}
	at com.hrms.tests.NationalityTestCase.test(NationalityTestCase.java:38)
]]></failure>
    <system-out><![CDATA[in beforeSuite
on test Start
in beforeTest
on Test Start
on Test Failure
]]></system-out>
    <system-err><![CDATA[SLF4J: Failed to load class "org.slf4j.impl.StaticLoggerBinder".
SLF4J: Defaulting to no-operation (NOP) logger implementation
SLF4J: See http://www.slf4j.org/codes.html#StaticLoggerBinder for further details.
Starting ChromeDriver 88.0.4324.96 (68dba2d8a0b149a1d3afac56fa74648032bcf46b-refs/branch-heads/4324@{#1784}) on port 44735
Only local connections are allowed.
Please see https://chromedriver.chromium.org/security-considerations for suggestions on keeping ChromeDriver safe.
ChromeDriver was started successfully.
Feb 24, 2021 9:10:42 PM org.openqa.selenium.remote.ProtocolHandshake createSession
INFO: Detected dialect: W3C
]]></system-err>
  </testcase>
  <testcase name="myTest[Kanin](1)" classname="com.hrms.tests.testNg_dataProviderTest" time="0.001">
    <system-out><![CDATA[on Test Start
My Name : Kanin
on Test Success
]]></system-out>
  </testcase>
  <testcase name="myTest[Park](2)" classname="com.hrms.tests.testNg_dataProviderTest" time="0">
    <system-out><![CDATA[on Test Start
My Name : Park
on Test Success
]]></system-out>
  </testcase>
  <testcase name="AccountTest" classname="com.hrms.tests.Testing_listenersSample" time="0.001">
    <system-out><![CDATA[on Test Start
on Test Success
]]></system-out>
  </testcase>
  <testcase name="AccountTest" classname="com.hrms.tests.Testing_listenersSample" time="0">
    <system-out><![CDATA[on Test Start
on Test Success
]]></system-out>
  </testcase>
  <testcase name="AccountTest" classname="com.hrms.tests.Testing_listenersSample" time="0">
    <system-out><![CDATA[on Test Start
on Test Success
]]></system-out>
  </testcase>
  <testcase name="CloseBrowser" classname="com.hrms.tests.Testing_listenersSample" time="3.364">
    <system-out><![CDATA[on Test Start
on Test Success
]]></system-out>
  </testcase>
  <testcase name="OpenBrowser" classname="com.hrms.tests.Testing_listenersSample" time="0.002">
    <failure message="Cannot invoke &quot;org.openqa.selenium.WebDriver.get(String)&quot; because &quot;this.driver&quot; is null" type="java.lang.NullPointerException"><![CDATA[java.lang.NullPointerException: Cannot invoke "org.openqa.selenium.WebDriver.get(String)" because "this.driver" is null
	at com.hrms.tests.Testing_listenersSample.OpenBrowser(Testing_listenersSample.java:32)
]]></failure>
    <system-out><![CDATA[on Test Start
on Test Failure
]]></system-out>
  </testcase>
  <testcase name="SkipTest" classname="com.hrms.tests.Testing_listenersSample" time="0">
    <skipped message="Skipping The Test Method "/>
    <system-out><![CDATA[on Test Start
on Test Skip
]]></system-out>
  </testcase>
  <testcase name="setup" classname="com.hrms.tests.loginTest" time="0.024">
    <failure message="invalid session id&#10;Build info: version: &apos;3.141.59&apos;, revision: &apos;e82be7d358&apos;, time: &apos;2018-11-14T08:17:03&apos;&#10;System info: host: &apos;Samuels-MBP.fios-router.home&apos;, ip: &apos;fe80:0:0:0:8ad:abbe:5187:1a54%en0&apos;, os.name: &apos;Mac OS X&apos;, os.arch: &apos;x86_64&apos;, os.version: &apos;11.2.1&apos;, java.version: &apos;15.0.1&apos;&#10;Driver info: org.openqa.selenium.chrome.ChromeDriver&#10;Capabilities {acceptInsecureCerts: false, browserName: chrome, browserVersion: 88.0.4324.192, chrome: {chromedriverVersion: 88.0.4324.96 (68dba2d8a0b14..., userDataDir: /var/folders/w5/1jh0cndd1qn...}, goog:chromeOptions: {debuggerAddress: localhost:51732}, javascriptEnabled: true, networkConnectionEnabled: false, pageLoadStrategy: normal, platform: MAC, platformName: MAC, proxy: Proxy(), setWindowRect: true, strictFileInteractability: false, timeouts: {implicit: 0, pageLoad: 300000, script: 30000}, unhandledPromptBehavior: dismiss and notify, webauthn:extension:largeBlob: true, webauthn:virtualAuthenticators: true}&#10;Session ID: 54c43d02acc484ecd9c105b58710c573" type="org.openqa.selenium.NoSuchSessionException"><![CDATA[org.openqa.selenium.NoSuchSessionException: 
invalid session id
Build info: version: '3.141.59', revision: 'e82be7d358', time: '2018-11-14T08:17:03'
System info: host: 'Samuels-MBP.fios-router.home', ip: 'fe80:0:0:0:8ad:abbe:5187:1a54%en0', os.name: 'Mac OS X', os.arch: 'x86_64', os.version: '11.2.1', java.version: '15.0.1'
Driver info: org.openqa.selenium.chrome.ChromeDriver
Capabilities {acceptInsecureCerts: false, browserName: chrome, browserVersion: 88.0.4324.192, chrome: {chromedriverVersion: 88.0.4324.96 (68dba2d8a0b14..., userDataDir: /var/folders/w5/1jh0cndd1qn...}, goog:chromeOptions: {debuggerAddress: localhost:51732}, javascriptEnabled: true, networkConnectionEnabled: false, pageLoadStrategy: normal, platform: MAC, platformName: MAC, proxy: Proxy(), setWindowRect: true, strictFileInteractability: false, timeouts: {implicit: 0, pageLoad: 300000, script: 30000}, unhandledPromptBehavior: dismiss and notify, webauthn:extension:largeBlob: true, webauthn:virtualAuthenticators: true}
Session ID: 54c43d02acc484ecd9c105b58710c573
	at com.hrms.tests.loginTest.setup(loginTest.java:23)
]]></failure>
  </testcase>
  <testcase name="loginTest1" classname="com.hrms.tests.loginTest" time="0">
    <skipped/>
    <system-out><![CDATA[on Test Start
on Test Skip
]]></system-out>
  </testcase>
  <testcase name="beforeMethod" classname="com.hrms.tests.OrangeHRM_LoginTests" time="0.02">
    <failure message="invalid session id&#10;Build info: version: &apos;3.141.59&apos;, revision: &apos;e82be7d358&apos;, time: &apos;2018-11-14T08:17:03&apos;&#10;System info: host: &apos;Samuels-MBP.fios-router.home&apos;, ip: &apos;fe80:0:0:0:8ad:abbe:5187:1a54%en0&apos;, os.name: &apos;Mac OS X&apos;, os.arch: &apos;x86_64&apos;, os.version: &apos;11.2.1&apos;, java.version: &apos;15.0.1&apos;&#10;Driver info: org.openqa.selenium.chrome.ChromeDriver&#10;Capabilities {acceptInsecureCerts: false, browserName: chrome, browserVersion: 88.0.4324.192, chrome: {chromedriverVersion: 88.0.4324.96 (68dba2d8a0b14..., userDataDir: /var/folders/w5/1jh0cndd1qn...}, goog:chromeOptions: {debuggerAddress: localhost:51732}, javascriptEnabled: true, networkConnectionEnabled: false, pageLoadStrategy: normal, platform: MAC, platformName: MAC, proxy: Proxy(), setWindowRect: true, strictFileInteractability: false, timeouts: {implicit: 0, pageLoad: 300000, script: 30000}, unhandledPromptBehavior: dismiss and notify, webauthn:extension:largeBlob: true, webauthn:virtualAuthenticators: true}&#10;Session ID: 54c43d02acc484ecd9c105b58710c573" type="org.openqa.selenium.NoSuchSessionException"><![CDATA[org.openqa.selenium.NoSuchSessionException: 
invalid session id
Build info: version: '3.141.59', revision: 'e82be7d358', time: '2018-11-14T08:17:03'
System info: host: 'Samuels-MBP.fios-router.home', ip: 'fe80:0:0:0:8ad:abbe:5187:1a54%en0', os.name: 'Mac OS X', os.arch: 'x86_64', os.version: '11.2.1', java.version: '15.0.1'
Driver info: org.openqa.selenium.chrome.ChromeDriver
Capabilities {acceptInsecureCerts: false, browserName: chrome, browserVersion: 88.0.4324.192, chrome: {chromedriverVersion: 88.0.4324.96 (68dba2d8a0b14..., userDataDir: /var/folders/w5/1jh0cndd1qn...}, goog:chromeOptions: {debuggerAddress: localhost:51732}, javascriptEnabled: true, networkConnectionEnabled: false, pageLoadStrategy: normal, platform: MAC, platformName: MAC, proxy: Proxy(), setWindowRect: true, strictFileInteractability: false, timeouts: {implicit: 0, pageLoad: 300000, script: 30000}, unhandledPromptBehavior: dismiss and notify, webauthn:extension:largeBlob: true, webauthn:virtualAuthenticators: true}
Session ID: 54c43d02acc484ecd9c105b58710c573
	at com.hrms.tests.OrangeHRM_LoginTests.beforeMethod(OrangeHRM_LoginTests.java:23)
]]></failure>
  </testcase>
  <testcase name="beforeMethod" classname="com.hrms.tests.OrangeHRM_LoginTests" time="0">
    <skipped/>
  </testcase>
  <testcase name="beforeMethod" classname="com.hrms.tests.OrangeHRM_LoginTests" time="0">
    <skipped/>
  </testcase>
  <testcase name="Login_validUsername_InvalidPassword" classname="com.hrms.tests.OrangeHRM_LoginTests" time="0">
    <skipped/>
    <system-out><![CDATA[on Test Start
on Test Skip
]]></system-out>
  </testcase>
  <testcase name="logReportedTesting" classname="com.hrms.tests.OrangeHRM_LoginTests" time="0">
    <skipped/>
    <system-out><![CDATA[on Test Start
on Test Skip
]]></system-out>
  </testcase>
  <testcase name="test1" classname="com.hrms.tests.OrangeHRM_LoginTests" time="0">
    <skipped/>
    <system-out><![CDATA[on Test Start
on Test Skip
]]></system-out>
  </testcase>
  <testcase name="testCase1" classname="com.hrms.tests.TestingAnnotations" time="0">
    <system-out><![CDATA[in beforeClass
in beforeMethod
on Test Start
in test case 1
on Test Success
]]></system-out>
  </testcase>
  <testcase name="testCase2" classname="com.hrms.tests.TestingAnnotations" time="0.001">
    <system-out><![CDATA[in afterMethod
in beforeMethod
on Test Start
in test case 2
on Test Success
]]></system-out>
  </testcase>
</testsuite>