<?xml version="1.0" encoding="UTF-8"?>
<testng-results total="1" passed="1" failed="0" skipped="0">
  <reporter-output>
  </reporter-output>
  <suite started-at="2021-02-05T03:08:04Z" name="Default suite" finished-at="2021-02-05T03:08:14Z" duration-ms="10337">
    <groups>
    </groups>
    <test started-at="2021-02-05T03:08:04Z" name="Default test" finished-at="2021-02-05T03:08:14Z" duration-ms="10337">
      <class name="com.hrms.tests.writeExcelTask">
        <test-method is-config="true" signature="setup()[pri:0, instance:com.hrms.tests.writeExcelTask@1af2d44a]" started-at="2021-02-04T22:08:04Z" name="setup" finished-at="2021-02-04T22:08:09Z" duration-ms="5282" status="PASS">
          <reporter-output>
          </reporter-output>
        </test-method> <!-- setup -->
        <test-method signature="test()[pri:0, instance:com.hrms.tests.writeExcelTask@1af2d44a]" started-at="2021-02-04T22:08:09Z" name="test" finished-at="2021-02-04T22:08:14Z" duration-ms="5039" status="PASS">
          <reporter-output>
          </reporter-output>
        </test-method> <!-- test -->
      </class> <!-- com.hrms.tests.writeExcelTask -->
    </test> <!-- Default test -->
  </suite> <!-- Default suite -->
</testng-results>
